Started GET "/instagram-icon.png" for 127.0.0.1 at 2022-08-09 17:52:07 -0700
Started GET "/logged_in" for 127.0.0.1 at 2022-08-09 17:52:07 -0700
  [1m[35m (0.7ms)[0m  [1m[34mSELECT "schema_migrations"."version" FROM "schema_migrations" ORDER BY "schema_migrations"."version" ASC[0m
  
ActionController::RoutingError (No route matches [GET] "/instagram-icon.png"):
  
Processing by SessionsController#is_logged_in? as HTML
  [1m[36mUser Load (0.7ms)[0m  [1m[34mSELECT "users".* FROM "users" WHERE "users"."id" = $1 LIMIT $2[0m  [["id", 3], ["LIMIT", 1]]
  ↳ app/controllers/application_controller.rb:50:in `current_user'
Completed 404 Not Found in 26ms (ActiveRecord: 8.3ms | Allocations: 4904)


  
ActiveRecord::RecordNotFound (Couldn't find User with 'id'=3):
  
app/controllers/application_controller.rb:50:in `current_user'
app/controllers/sessions_controller.rb:31:in `is_logged_in?'
Started GET "/logged_in" for 127.0.0.1 at 2022-08-09 17:52:28 -0700
Processing by SessionsController#is_logged_in? as HTML
  [1m[36mUser Load (0.3ms)[0m  [1m[34mSELECT "users".* FROM "users" WHERE "users"."id" = $1 LIMIT $2[0m  [["id", 3], ["LIMIT", 1]]
  ↳ app/controllers/application_controller.rb:50:in `current_user'
Completed 404 Not Found in 3ms (ActiveRecord: 0.3ms | Allocations: 677)


  
ActiveRecord::RecordNotFound (Couldn't find User with 'id'=3):
  
app/controllers/application_controller.rb:50:in `current_user'
app/controllers/sessions_controller.rb:31:in `is_logged_in?'
Started GET "/instagram-icon.png" for 127.0.0.1 at 2022-08-09 17:52:56 -0700
Started GET "/logged_in" for 127.0.0.1 at 2022-08-09 17:52:56 -0700
Processing by SessionsController#is_logged_in? as HTML
Completed 200 OK in 0ms (Views: 0.2ms | ActiveRecord: 0.0ms | Allocations: 265)


  
ActionController::RoutingError (No route matches [GET] "/instagram-icon.png"):
  
Started GET "/logged_in" for 127.0.0.1 at 2022-08-09 17:53:03 -0700
Processing by SessionsController#is_logged_in? as HTML
Completed 200 OK in 0ms (Views: 0.1ms | ActiveRecord: 0.0ms | Allocations: 88)


Started POST "/login" for 127.0.0.1 at 2022-08-09 17:53:08 -0700
Processing by SessionsController#create as HTML
  Parameters: {"user"=>{"username"=>"jojo", "password"=>"[FILTERED]"}, "session"=>{"user"=>{"username"=>"jojo", "password"=>"[FILTERED]"}}}
  [1m[36mUser Load (0.2ms)[0m  [1m[34mSELECT "users".* FROM "users" WHERE "users"."username" = $1 LIMIT $2[0m  [["username", "jojo"], ["LIMIT", 1]]
  ↳ app/models/user.rb:16:in `authenticate_with_credentials'
Completed 200 OK in 217ms (Views: 0.6ms | ActiveRecord: 0.2ms | Allocations: 9025)


Started GET "/instagram-icon.png" for 127.0.0.1 at 2022-08-09 17:53:08 -0700
  
ActionController::RoutingError (No route matches [GET] "/instagram-icon.png"):
  
Started POST "/logout" for 127.0.0.1 at 2022-08-09 17:53:30 -0700
Processing by SessionsController#destroy as HTML
Completed 200 OK in 0ms (Views: 0.2ms | ActiveRecord: 0.0ms | Allocations: 100)


Started GET "/instagram-icon.png" for 127.0.0.1 at 2022-08-09 17:53:30 -0700
Started GET "/logged_in" for 127.0.0.1 at 2022-08-09 17:53:30 -0700
Processing by SessionsController#is_logged_in? as HTML
  
ActionController::RoutingError (No route matches [GET] "/instagram-icon.png"):
  
Completed 200 OK in 0ms (Views: 0.2ms | ActiveRecord: 0.0ms | Allocations: 89)


Started GET "/instagram-icon.png" for 127.0.0.1 at 2022-08-09 17:53:34 -0700
Started GET "/logged_in" for 127.0.0.1 at 2022-08-09 17:53:34 -0700
Processing by SessionsController#is_logged_in? as HTML
Completed 200 OK in 0ms (Views: 0.1ms | ActiveRecord: 0.0ms | Allocations: 94)


  
ActionController::RoutingError (No route matches [GET] "/instagram-icon.png"):
  
Started GET "/instagram-icon.png" for 127.0.0.1 at 2022-08-09 17:53:37 -0700
Started GET "/logged_in" for 127.0.0.1 at 2022-08-09 17:53:37 -0700
  
ActionController::RoutingError (No route matches [GET] "/instagram-icon.png"):
  
Processing by SessionsController#is_logged_in? as HTML
Completed 200 OK in 0ms (Views: 0.1ms | ActiveRecord: 0.0ms | Allocations: 88)


